<?xml version="1.0" encoding="UTF-8"?>
<!-- Generated by org.testng.reporters.JUnitXMLReporter -->
<testsuite ignored="3" hostname="DESKTOP-V82BEDM" failures="0" tests="4" name="AdminPageTest" time="51.316" errors="0" timestamp="18 May 2024 04:28:53 GMT">
  <testcase classname="testCases.AdminPageTest" name="launchURL" time="24.295"/>
  <testcase classname="testCases.AdminPageTest" name="pageLogin" time="15.38"/>
  <testcase classname="testCases.AdminPageTest" name="clickLocations" time="5.949"/>
  <testcase classname="testCases.AdminPageTest" name="editGeneralInformation" time="5.652"/>
  <testcase classname="testCases.AdminPageTest" name="pageAdmin" time="0.0">
    <ignored/>
  </testcase> <!-- pageAdmin -->
  <testcase classname="testCases.AdminPageTest" name="searchUser" time="0.0">
    <ignored/>
  </testcase> <!-- searchUser -->
  <testcase classname="testCases.AdminPageTest" name="editUser" time="0.0">
    <ignored/>
  </testcase> <!-- editUser -->
</testsuite> <!-- AdminPageTest -->
